PCAD Importer Log
Project : 2821.LibPkg

Section : C:\Users\XPS\Downloads\Murata-NRF52\2821.lia
    Section : PCB Library - 2821.PcbLib
        Section : Load Messages
            Warning - 1 : Skipping Token 2821 On Line 176
            Warning - 1 : Skipping Token attachedSymbol On Line 423
        EndSection

        Section : Import Messages
        EndSection
    EndSection

    Section : SCH Library - 2821.SchLib
        Section : Parsing Messages
            Warning - 1 : Skipping Token padStyleDef On Line 9
            Warning - 1 : Skipping Token padStyleDef On Line 20
            Warning - 1 : Skipping Token padStyleDef On Line 32
            Warning - 1 : Skipping Token padStyleDef On Line 44
            Warning - 1 : Skipping Token multiLayer On Line 119
            Warning - 1 : Skipping Token layerContents On Line 153
            Warning - 1 : Skipping Token layerContents On Line 157
            Warning - 1 : Skipping Token layerContents On Line 161
            Warning - 1 : Skipping Token layerContents On Line 167
            Warning - 1 : Skipping Token isVisible On Line 381
        EndSection

        Section : Generating SCH Library - 2821.SchLib
        EndSection
    EndSection
EndSection
