Added Component: Designator=C?(CAPC0603X03L_C)
Add component. Clean all parameters for all variants
Add component (AddParameter): Name = "Artikkelnr Noca"; Value = "N.A."; VariantName = "[No Variations]"
Add component (AddParameter): Name = "Assembly"; Value = "Not mounted"; VariantName = "[No Variations]"
Add component (AddParameter): Name = "ComponentLink1Description"; Value = "Datasheet"; VariantName = "[No Variations]"
Add component (AddParameter): Name = "ComponentLink1URL"; Value = ""; VariantName = "[No Variations]"
Add component (AddParameter): Name = "ComponentLink2Description"; Value = "Supplier link"; VariantName = "[No Variations]"
Add component (AddParameter): Name = "ComponentLink2URL"; Value = ""; VariantName = "[No Variations]"
Add component (AddParameter): Name = "Footprint Doc"; Value = "0201"; VariantName = "[No Variations]"
Add component (AddParameter): Name = "HelpURL"; Value = ""; VariantName = "[No Variations]"
Add component (AddParameter): Name = "LatestRevisionDate"; Value = "2014-11-13"; VariantName = "[No Variations]"
Add component (AddParameter): Name = "Manufacturer"; Value = ""; VariantName = "[No Variations]"
Add component (AddParameter): Name = "Manufacturer Part Number"; Value = ""; VariantName = "[No Variations]"
Add component (AddParameter): Name = "Note"; Value = "Chip Cap"; VariantName = "[No Variations]"
Add component (AddParameter): Name = "Part Number"; Value = "C0201-N.C."; VariantName = "[No Variations]"
Add component (AddParameter): Name = "Part number IPS"; Value = "N.A."; VariantName = "[No Variations]"
Add component (AddParameter): Name = "Pin Count"; Value = "2"; VariantName = "[No Variations]"
Add component (AddParameter): Name = "Published"; Value = "2014-11-13"; VariantName = "[No Variations]"
Add component (AddParameter): Name = "Publisher"; Value = "Nordic Semiconductor"; VariantName = "[No Variations]"
Add component (AddParameter): Name = "Supplier 1"; Value = ""; VariantName = "[No Variations]"
Add component (AddParameter): Name = "Supplier 2"; Value = ""; VariantName = "[No Variations]"
Add component (AddParameter): Name = "Supplier Part Number 1"; Value = ""; VariantName = "[No Variations]"
Add component (AddParameter): Name = "Supplier Part Number 2"; Value = ""; VariantName = "[No Variations]"
Add component (AddParameter): Name = "Value"; Value = "N.C."; VariantName = "[No Variations]"
Added Component: Designator=C?(0603)
Add component. Clean all parameters for all variants
Add component (AddParameter): Name = "Manufacturer Name"; Value = "Taiyo Yuden"; VariantName = "[No Variations]"
Add component (AddParameter): Name = "Manufacturer Part Number"; Value = "EMK107B7105KA-T"; VariantName = "[No Variations]"
Add component (AddParameter): Name = "PackageReference"; Value = "EMK107B7105KA-T"; VariantName = "[No Variations]"
Add component (AddParameter): Name = "Value"; Value = "1uF"; VariantName = "[No Variations]"
Added Component: Designator=X?(XTAL_3215)
Add component. Clean all parameters for all variants
Add component (AddParameter): Name = "Artikkelnr Noca"; Value = "22010049"; VariantName = "[No Variations]"
Add component (AddParameter): Name = "Assembly"; Value = ""; VariantName = "[No Variations]"
Add component (AddParameter): Name = "ComponentLink1Description"; Value = "Datasheet"; VariantName = "[No Variations]"
Add component (AddParameter): Name = "ComponentLink1URL"; Value = ""; VariantName = "[No Variations]"
Add component (AddParameter): Name = "ComponentLink2Description"; Value = "Supplier link"; VariantName = "[No Variations]"
Add component (AddParameter): Name = "ComponentLink2URL"; Value = ""; VariantName = "[No Variations]"
Add component (AddParameter): Name = "Footprint Doc"; Value = "XTAL_3215"; VariantName = "[No Variations]"
Add component (AddParameter): Name = "HelpURL"; Value = ""; VariantName = "[No Variations]"
Add component (AddParameter): Name = "LatestRevisionDate"; Value = "2017-10-23"; VariantName = "[No Variations]"
Add component (AddParameter): Name = "Manufacturer"; Value = "NDK"; VariantName = "[No Variations]"
Add component (AddParameter): Name = "Manufacturer Part Number"; Value = "NX3215SA-32.768K-STD-MUA-9"; VariantName = "[No Variations]"
Add component (AddParameter): Name = "Note"; Value = "XTAL SMD 32.768kHz"; VariantName = "[No Variations]"
Add component (AddParameter): Name = "Part Number"; Value = "XTAL_SMD3215_32.768kHz_9pF_NDK"; VariantName = "[No Variations]"
Add component (AddParameter): Name = "Part number IPS"; Value = "N.A."; VariantName = "[No Variations]"
Add component (AddParameter): Name = "Pin Count"; Value = "2"; VariantName = "[No Variations]"
Add component (AddParameter): Name = "Published"; Value = "2017-10-23"; VariantName = "[No Variations]"
Add component (AddParameter): Name = "Publisher"; Value = "Nordic Semiconductor"; VariantName = "[No Variations]"
Add component (AddParameter): Name = "Supplier 1"; Value = ""; VariantName = "[No Variations]"
Add component (AddParameter): Name = "Supplier 2"; Value = ""; VariantName = "[No Variations]"
Add component (AddParameter): Name = "Supplier Part Number 1"; Value = ""; VariantName = "[No Variations]"
Add component (AddParameter): Name = "Supplier Part Number 2"; Value = ""; VariantName = "[No Variations]"
Add component (AddParameter): Name = "Value"; Value = "32.768kHz"; VariantName = "[No Variations]"
Added Pin To Net: NetName=3V3 Pin=C?-1
Added Pin To Net: NetName=GND Pin=C?-2
Added Pin To Net: NetName=A0 Pin=Feather Shield-5
Added Pin To Net: NetName=A1 Pin=Feather Shield-6
Added Pin To Net: NetName=A2 Pin=Feather Shield-7
Added Pin To Net: NetName=A3 Pin=Feather Shield-8
Added Net: Name=A3
Added Pin To Net: NetName=A4 Pin=Feather Shield-9
Added Net: Name=A4
Added Pin To Net: NetName=A5 Pin=Feather Shield-10
Added Net: Name=A5
Added Pin To Net: NetName=NetD?_2 Pin=D?-2
Added Net: Name=NetD?_2
Added Pin To Net: NetName=NetD?_3 Pin=D?-3
Added Net: Name=NetD?_3
Added Pin To Net: NetName=NetD?_4 Pin=D?-4
Added Net: Name=NetD?_4
Added Member To Class: ClassName=Nrf52Feather Member=Component C? N.C.
Added Member To Class: ClassName=Nrf52Feather Member=Component C? EMK107B7105KA-T
Added Member To Class: ClassName=Nrf52Feather Member=Component X? 32.768kHz
Added Room: Name=Nrf52Feather
